<?xml version="1.0" encoding="UTF-8"?>
<testsuite name="SILab2Test" tests="1" skipped="0" failures="0" errors="0" timestamp="2022-05-13T21:42:15" hostname="DESKTOP-I9944DP" time="0.019">
  <properties/>
  <testcase name="EveryTest()" classname="SILab2Test" time="0.019"/>
  <system-out><![CDATA[]]></system-out>
  <system-err><![CDATA[]]></system-err>
</testsuite>
